[debug] [2018-04-26T15:48:35.952Z] ----------------------------------------------------------------------
[debug] [2018-04-26T15:48:35.957Z] Command:       C:\Program Files\nodejs\node.exe C:\Users\DELL\AppData\Roaming\npm\node_modules\firebase-tools\bin\firebase init
[debug] [2018-04-26T15:48:35.957Z] CLI Version:   3.18.4
[debug] [2018-04-26T15:48:35.957Z] Platform:      win32
[debug] [2018-04-26T15:48:35.957Z] Node Version:  v9.11.1
[debug] [2018-04-26T15:48:35.958Z] Time:          Thu Apr 26 2018 15:48:35 GMT+0000 (GMT)
[debug] [2018-04-26T15:48:35.958Z] ----------------------------------------------------------------------
[debug] 
[debug] [2018-04-26T15:48:35.975Z] > command requires scopes: ["email","openid","https://www.googleapis.com/auth/cloudplatformprojects.readonly","https://www.googleapis.com/auth/firebase"]
[debug] [2018-04-26T15:48:35.977Z] > authorizing via signed-in user
[info] 
     ######## #### ########  ######## ########     ###     ######  ########
     ##        ##  ##     ## ##       ##     ##  ##   ##  ##       ##
     ######    ##  ########  ######   ########  #########  ######  ######
     ##        ##  ##    ##  ##       ##     ## ##     ##       ## ##
     ##       #### ##     ## ######## ########  ##     ##  ######  ########

You're about to initialize a Firebase project in this directory:

  C:\angular\abodje

Before we get started, keep in mind:

  * You are currently outside your home directory

